<?xml version="1.0" encoding="UTF-8"?>
<!-- Generated by org.testng.reporters.JUnitXMLReporter -->
<testsuite ignored="1" hostname="LAPTOP-LC3H17N7" failures="0" tests="2" name="Default test" time="30.445" errors="0" timestamp="2023-02-16T02:21:32 EST">
  <testcase classname="com.crm.qa.tests.LoginPageTest" name="loginPageTitleTest" time="0.053"/>
  <testcase classname="com.crm.qa.tests.LoginPageTest" name="loginPageTest" time="1.381"/>
  <testcase classname="com.crm.qa.tests.LoginPageTest" name="verifyCreateAccountBtnEnabled" time="0.0">
    <ignored/>
  </testcase> <!-- verifyCreateAccountBtnEnabled -->
</testsuite> <!-- Default test -->
