<?xml version="1.0" encoding="UTF-8"?>
<testng-results ignored="1" total="3" passed="2" failed="0" skipped="0">
  <reporter-output>
  </reporter-output>
  <suite started-at="2023-02-16T02:21:01 EST" name="Default suite" finished-at="2023-02-16T02:21:32 EST" duration-ms="30445">
    <groups>
    </groups>
    <test started-at="2023-02-16T02:21:01 EST" name="Default test" finished-at="2023-02-16T02:21:32 EST" duration-ms="30445">
      <class name="com.crm.qa.tests.LoginPageTest">
        <test-method is-config="true" signature="setUp()[pri:0, instance:com.crm.qa.tests.LoginPageTest@27406a17]" started-at="2023-02-16T02:21:01 EST" name="setUp" finished-at="2023-02-16T02:21:21 EST" duration-ms="19791" status="PASS">
          <reporter-output>
          </reporter-output>
        </test-method> <!-- setUp -->
        <test-method signature="loginPageTitleTest()[pri:1, instance:com.crm.qa.tests.LoginPageTest@27406a17]" started-at="2023-02-16T02:21:21 EST" name="loginPageTitleTest" finished-at="2023-02-16T02:21:21 EST" duration-ms="53" status="PASS">
          <reporter-output>
          </reporter-output>
        </test-method> <!-- loginPageTitleTest -->
        <test-method is-config="true" signature="tearDown()[pri:0, instance:com.crm.qa.tests.LoginPageTest@27406a17]" started-at="2023-02-16T02:21:21 EST" name="tearDown" finished-at="2023-02-16T02:21:22 EST" duration-ms="708" status="PASS">
          <reporter-output>
          </reporter-output>
        </test-method> <!-- tearDown -->
        <test-method is-config="true" signature="setUp()[pri:0, instance:com.crm.qa.tests.LoginPageTest@27406a17]" started-at="2023-02-16T02:21:22 EST" name="setUp" finished-at="2023-02-16T02:21:29 EST" duration-ms="7704" status="PASS">
          <reporter-output>
          </reporter-output>
        </test-method> <!-- setUp -->
        <test-method signature="loginPageTest()[pri:2, instance:com.crm.qa.tests.LoginPageTest@27406a17]" started-at="2023-02-16T02:21:29 EST" name="loginPageTest" finished-at="2023-02-16T02:21:31 EST" depends-on-methods="com.crm.qa.tests.LoginPageTest.loginPageTitleTest" duration-ms="1381" status="PASS">
          <reporter-output>
          </reporter-output>
        </test-method> <!-- loginPageTest -->
        <test-method is-config="true" signature="tearDown()[pri:0, instance:com.crm.qa.tests.LoginPageTest@27406a17]" started-at="2023-02-16T02:21:31 EST" name="tearDown" finished-at="2023-02-16T02:21:32 EST" duration-ms="743" status="PASS">
          <reporter-output>
          </reporter-output>
        </test-method> <!-- tearDown -->
      </class> <!-- com.crm.qa.tests.LoginPageTest -->
    </test> <!-- Default test -->
  </suite> <!-- Default suite -->
</testng-results>
